C:\Program Files (x86)\Microsoft Visual Studio\2019\Community\MSBuild\Microsoft\VC\v160\Microsoft.CppBuild.targets(453,5): warning MSB8004: Output 目录未以斜杠结尾。  此生成实例将添加斜杠，因为必须有这个斜杠才能正确计算 Output 目录。
cl : 命令行 warning D9025: 正在重写“/sdl”(用“/GS-”)
  Remote-Client.cpp
C:\Users\19100\Desktop\Remote\Remote\Remote-Client\Remote-Client\DATA.h(43,13): warning C4200: 使用了非标准扩展: 结构/联合中的零大小数组
C:\Users\19100\Desktop\Remote\Remote\Remote-Client\Remote-Client\DATA.h(43,13): message : 默认构造函数或 copy/move 赋值运算符将忽略此成员
C:\Users\19100\Desktop\Remote\Remote\Remote-Client\Remote-Client\DATA.h(57,19): warning C4200: 使用了非标准扩展: 结构/联合中的零大小数组
C:\Users\19100\Desktop\Remote\Remote\Remote-Client\Remote-Client\DATA.h(57,19): message : 默认构造函数或 copy/move 赋值运算符将忽略此成员
C:\Users\19100\Desktop\Remote\Remote\Remote-Client\Remote-Client\Remote-Client.cpp(192,22): warning C4804: “<=”: 在操作中使用类型“bool”不安全
C:\Users\19100\Desktop\Remote\Remote\Remote-Client\Remote-Client\Remote-Client.cpp(214,50): warning C4267: “初始化”: 从“size_t”转换到“DWORD”，可能丢失数据
C:\Users\19100\Desktop\Remote\Remote\Remote-Client\Remote-Client\Remote-Client.cpp(232,59): warning C4267: “=”: 从“size_t”转换到“unsigned int”，可能丢失数据
C:\Users\19100\Desktop\Remote\Remote\Remote-Client\Remote-Client\Remote-Client.cpp(309,57): error C2440: “初始化”: 无法从“WCHAR [260]”转换为“std::basic_string<char,std::char_traits<char>,std::allocator<char>>”
C:\Users\19100\Desktop\Remote\Remote\Remote-Client\Remote-Client\Remote-Client.cpp(309,57): message : 无构造函数可以接受源类型，或构造函数重载决策不明确
C:\Users\19100\Desktop\Remote\Remote\Remote-Client\Remote-Client\Remote-Client.cpp(331,112): error C2664: “BOOL WriteProcessMemory(HANDLE,LPVOID,LPCVOID,SIZE_T,SIZE_T *)”: 无法将参数 5 从“DWORD *”转换为“SIZE_T *”
C:\Users\19100\Desktop\Remote\Remote\Remote-Client\Remote-Client\Remote-Client.cpp(331,101): message : 与指向的类型无关；强制转换要求 reinterpret_cast、C 样式强制转换或函数样式强制转换
C:\Program Files (x86)\Windows Kits\10\Include\10.0.18362.0\um\memoryapi.h(172,1): message : 参见“WriteProcessMemory”的声明
C:\Users\19100\Desktop\Remote\Remote\Remote-Client\Remote-Client\Remote-Client.cpp(376,59): error C2664: “void OutputDebugStringW(LPCWSTR)”: 无法将参数 1 从“char [256]”转换为“LPCWSTR”
C:\Users\19100\Desktop\Remote\Remote\Remote-Client\Remote-Client\Remote-Client.cpp(376,50): message : 与指向的类型无关；强制转换要求 reinterpret_cast、C 样式强制转换或函数样式强制转换
C:\Program Files (x86)\Windows Kits\10\Include\10.0.18362.0\um\debugapi.h(62,1): message : 参见“OutputDebugStringW”的声明
C:\Users\19100\Desktop\Remote\Remote\Remote-Client\Remote-Client\Remote-Client.cpp(377,62): error C2664: “void OutputDebugStringW(LPCWSTR)”: 无法将参数 1 从“char [256]”转换为“LPCWSTR”
C:\Users\19100\Desktop\Remote\Remote\Remote-Client\Remote-Client\Remote-Client.cpp(377,50): message : 与指向的类型无关；强制转换要求 reinterpret_cast、C 样式强制转换或函数样式强制转换
C:\Program Files (x86)\Windows Kits\10\Include\10.0.18362.0\um\debugapi.h(62,1): message : 参见“OutputDebugStringW”的声明
C:\Users\19100\Desktop\Remote\Remote\Remote-Client\Remote-Client\Remote-Client.cpp(388,62): warning C4267: “=”: 从“size_t”转换到“unsigned int”，可能丢失数据
C:\Users\19100\Desktop\Remote\Remote\Remote-Client\Remote-Client\Remote-Client.cpp(531,41): warning C4996: 'inet_addr': Use inet_pton() or InetPton() instead or define _WINSOCK_DEPRECATED_NO_WARNINGS to disable deprecated API warnings
C:\Users\19100\Desktop\Remote\Remote\Remote-Client\Remote-Client\Remote-Client.cpp(740,44): warning C4267: “=”: 从“size_t”转换到“unsigned int”，可能丢失数据
