c:\users\19100\desktop\remote\remote\inject\inject\debug\inject.pch
c:\users\19100\desktop\remote\remote\inject\inject\debug\vc142.pdb
c:\users\19100\desktop\remote\remote\inject\inject\debug\vc142.idb
c:\users\19100\desktop\remote\remote\inject\inject\debug\pch.obj
c:\users\19100\desktop\remote\remote\inject\inject\debug\dllmain.obj
c:\users\19100\desktop\remote\remote\inject\debug\inject.lib
c:\users\19100\desktop\remote\remote\inject\debug\inject.exp
c:\users\19100\desktop\remote\remote\inject\debug\inject.ilk
c:\users\19100\desktop\remote\remote\inject\debug\inject.dll
c:\users\19100\desktop\remote\remote\inject\debug\inject.pdb
c:\users\19100\desktop\remote\remote\inject\inject\debug\inject.res
c:\users\19100\desktop\remote\remote\inject\inject\debug\inject.tlog\cl.command.1.tlog
c:\users\19100\desktop\remote\remote\inject\inject\debug\inject.tlog\cl.read.1.tlog
c:\users\19100\desktop\remote\remote\inject\inject\debug\inject.tlog\cl.write.1.tlog
c:\users\19100\desktop\remote\remote\inject\inject\debug\inject.tlog\inject.write.1u.tlog
c:\users\19100\desktop\remote\remote\inject\inject\debug\inject.tlog\link.command.1.tlog
c:\users\19100\desktop\remote\remote\inject\inject\debug\inject.tlog\link.read.1.tlog
c:\users\19100\desktop\remote\remote\inject\inject\debug\inject.tlog\link.write.1.tlog
c:\users\19100\desktop\remote\remote\inject\inject\debug\inject.tlog\rc.command.1.tlog
c:\users\19100\desktop\remote\remote\inject\inject\debug\inject.tlog\rc.read.1.tlog
c:\users\19100\desktop\remote\remote\inject\inject\debug\inject.tlog\rc.write.1.tlog
