c:\users\19100\desktop\remote\remote\remote-server\remote-server\debug\remote-server.pch
c:\users\19100\desktop\remote\remote\remote-server\remote-server\debug\vc142.pdb
c:\users\19100\desktop\remote\remote\remote-server\remote-server\debug\vc142.idb
c:\users\19100\desktop\remote\remote\remote-server\remote-server\debug\pch.obj
c:\users\19100\desktop\remote\remote\remote-server\remote-server\debug\remote-serverdlg.obj
c:\users\19100\desktop\remote\remote\remote-server\remote-server\debug\remote-server.obj
c:\users\19100\desktop\remote\remote\remote-server\remote-server\debug\cscreendlg.obj
c:\users\19100\desktop\remote\bin\remote-server.ilk
c:\users\19100\desktop\remote\bin\remote-server.exe
c:\users\19100\desktop\remote\bin\remote-server.pdb
c:\users\19100\desktop\remote\remote\remote-server\remote-server\debug\remoteserver.res
c:\users\19100\desktop\remote\remote\remote-server\remote-server\debug\remote-server.tlog\cl.command.1.tlog
c:\users\19100\desktop\remote\remote\remote-server\remote-server\debug\remote-server.tlog\cl.read.1.tlog
c:\users\19100\desktop\remote\remote\remote-server\remote-server\debug\remote-server.tlog\cl.write.1.tlog
c:\users\19100\desktop\remote\remote\remote-server\remote-server\debug\remote-server.tlog\link.command.1.tlog
c:\users\19100\desktop\remote\remote\remote-server\remote-server\debug\remote-server.tlog\link.read.1.tlog
c:\users\19100\desktop\remote\remote\remote-server\remote-server\debug\remote-server.tlog\link.write.1.tlog
c:\users\19100\desktop\remote\remote\remote-server\remote-server\debug\remote-server.tlog\rc.command.1.tlog
c:\users\19100\desktop\remote\remote\remote-server\remote-server\debug\remote-server.tlog\rc.read.1.tlog
c:\users\19100\desktop\remote\remote\remote-server\remote-server\debug\remote-server.tlog\rc.write.1.tlog
